-------------------------------------------------------------------------------
Test set: CourierLoginTest
-------------------------------------------------------------------------------
Tests run: 7, Failures: 0, Errors: 1, Skipped: 0, Time elapsed: 62.385 s <<< FAILURE! - in CourierLoginTest
testCreatedCouriersWithNullPassword(CourierLoginTest)  Time elapsed: 60.516 s  <<< ERROR!
java.lang.IllegalStateException: 
Expected response body to be verified as JSON, HTML or XML but no content-type was defined in the response.
Try registering a default parser using:
   RestAssured.defaultParser(<parser type>);
Content was:
Service unavailable

	at CourierLoginTest.testCreatedCouriersWithNullPassword(CourierLoginTest.java:91)

