<?xml version="1.0" encoding="UTF-8"?>
<testsuite xmlns:xsi="http://www.w3.org/2001/XMLSchema-instance" xsi:noNamespaceSchemaLocation="https://maven.apache.org/surefire/maven-surefire-plugin/xsd/surefire-test-report.xsd" name="CourierCreateTest" time="7.043" tests="6" errors="0" skipped="0" failures="2">
  <properties>
[...]
</properties>
  <testcase name="testCreatedCouriersWithoutPassword" classname="CourierCreateTest" time="5.075"/>
  <testcase name="testNotCreatedCouriersWithEqualsLogin" classname="CourierCreateTest" time="0.555">
    <failure message="1 expectation failed.&#10;JSON path message doesn&apos;t match.&#10;Expected: Этот логин уже используется&#10;  Actual: Этот логин уже используется. Попробуйте другой.&#10;" type="java.lang.AssertionError">java.lang.AssertionError: 
1 expectation failed.
JSON path message doesn't match.
Expected: Этот логин уже используется
  Actual: Этот логин уже используется. Попробуйте другой.

	at CourierCreateTest.testNotCreatedCouriersWithEqualsLogin(CourierCreateTest.java:65)
</failure>
  </testcase>
  <testcase name="testCreatedCouriersWithoutFirstName" classname="CourierCreateTest" time="0.317"/>
  <testcase name="testCourierIsCreatedWithRequiredFields" classname="CourierCreateTest" time="0.265"/>
  <testcase name="testNotCreatedTwoEqualsCouriers" classname="CourierCreateTest" time="0.335">
    <failure message="1 expectation failed.&#10;JSON path message doesn&apos;t match.&#10;Expected: Этот логин уже используется&#10;  Actual: Этот логин уже используется. Попробуйте другой.&#10;" type="java.lang.AssertionError">java.lang.AssertionError: 
1 expectation failed.
JSON path message doesn't match.
Expected: Этот логин уже используется
  Actual: Этот логин уже используется. Попробуйте другой.

	at CourierCreateTest.testNotCreatedTwoEqualsCouriers(CourierCreateTest.java:49)
</failure>
  </testcase>
  <testcase name="testCreatedCouriersWithoutLogin" classname="CourierCreateTest" time="0.132"/>
</testsuite>