<?xml version="1.0" encoding="UTF-8"?>
<testsuite xmlns:xsi="http://www.w3.org/2001/XMLSchema-instance" xsi:noNamespaceSchemaLocation="https://maven.apache.org/surefire/maven-surefire-plugin/xsd/surefire-test-report.xsd" name="CourierLoginTest" time="62.385" tests="7" errors="1" skipped="0" failures="0">
  <properties>
[...]
</properties>
  <testcase name="testCourierLoginWithIncorrectLogin" classname="CourierLoginTest" time="0.27"/>
  <testcase name="testCourierLoginWithIncorrectPassword" classname="CourierLoginTest" time="0.405"/>
  <testcase name="testCreatedCouriersWithNullPassword" classname="CourierLoginTest" time="60.516">
    <error message="Expected response body to be verified as JSON, HTML or XML but no content-type was defined in the response.&#10;Try registering a default parser using:&#10;   RestAssured.defaultParser(&lt;parser type&gt;);&#10;Content was:&#10;Service unavailable&#10;" type="java.lang.IllegalStateException"><![CDATA[java.lang.IllegalStateException: 
Expected response body to be verified as JSON, HTML or XML but no content-type was defined in the response.
Try registering a default parser using:
   RestAssured.defaultParser(<parser type>);
Content was:
Service unavailable

	at CourierLoginTest.testCreatedCouriersWithNullPassword(CourierLoginTest.java:91)
]]></error>
    <system-out><![CDATA[HTTP/1.1 504 Gateway time out
Content-Length: 19
Set-Cookie: _yasc=Ro8FINQNofSCYOmMtMyGgudld1ruh2q6l9ohSPoFEYb9EQ==; domain=.praktikum-services.ru; path=/; expires=Thu, 10-Mar-2022 10:38:46 GMT; secure
X-Request-Id: 1644316726364318-1977692111552653284

Service unavailable
]]></system-out>
  </testcase>
  <testcase name="testCourierLoginWithoutLogin" classname="CourierLoginTest" time="0.344"/>
  <testcase name="testCourierLoginWithoutPassword" classname="CourierLoginTest" time="0.306"/>
  <testcase name="testCourierLoginWithoutCreate" classname="CourierLoginTest" time="0.31"/>
  <testcase name="testCourierLoginWithRequiredFields" classname="CourierLoginTest" time="0.22"/>
</testsuite>